<?xml version="1.0" encoding="UTF-8"?>
<!-- Generated by org.testng.reporters.JUnitReportReporter -->
<testsuite hostname="LIN76005220" failures="0" tests="1" name="testCases.TC_001_AccountRegistrationTest" time="6.879" errors="0" timestamp="2024-06-23T17:55:57 IST" skipped="0">
  <testcase classname="testCases.TC_001_AccountRegistrationTest" name="verify_account_registration" time="6.879"/>
</testsuite> <!-- testCases.TC_001_AccountRegistrationTest -->
