<?xml version="1.0" encoding="UTF-8"?>
<!-- Generated by org.testng.reporters.JUnitReportReporter -->
<testsuite hostname="LIN76005220" failures="0" tests="1" name="testCases.TC_002_LoginTest" time="1.786" errors="0" timestamp="2024-06-23T17:55:57 IST" skipped="0">
  <testcase classname="testCases.TC_002_LoginTest" name="verify_login" time="1.786"/>
</testsuite> <!-- testCases.TC_002_LoginTest -->
